[debug] [2025-03-22T00:03:19.824Z] ----------------------------------------------------------------------
[debug] [2025-03-22T00:03:19.830Z] Command:       C:\Users\matheusb\AppData\Roaming\npm\node_modules\node\bin\node.exe C:\Users\matheusb\AppData\Roaming\npm\node_modules\firebase-tools\lib\bin\firebase.js init
[debug] [2025-03-22T00:03:19.830Z] CLI Version:   13.35.1
[debug] [2025-03-22T00:03:19.830Z] Platform:      win32
[debug] [2025-03-22T00:03:19.831Z] Node Version:  v20.13.1
[debug] [2025-03-22T00:03:19.831Z] Time:          Fri Mar 21 2025 21:03:19 GMT-0300 (Horário Padrão de Brasília)
[debug] [2025-03-22T00:03:19.831Z] ----------------------------------------------------------------------
[debug] 
[debug] [2025-03-22T00:03:20.062Z] > command requires scopes: ["email","openid","https://www.googleapis.com/auth/cloudplatformprojects.readonly","https://www.googleapis.com/auth/firebase","https://www.googleapis.com/auth/cloud-platform"]
[debug] [2025-03-22T00:03:20.062Z] > authorizing via signed-in user (matheusbonadio42@gmail.com)
[info] 
     ######## #### ########  ######## ########     ###     ######  ########
     ##        ##  ##     ## ##       ##     ##  ##   ##  ##       ##
     ######    ##  ########  ######   ########  #########  ######  ######
     ##        ##  ##    ##  ##       ##     ## ##     ##       ## ##
     ##       #### ##     ## ######## ########  ##     ##  ######  ########

You're about to initialize a Firebase project in this directory:

  C:\Users\matheusb\Documents\Code\send-flow-assessment

Before we get started, keep in mind:

  * You are initializing within an existing Firebase project directory

